#
# There is insufficient memory for the Java Runtime Environment to continue.
# Native memory allocation (mmap) failed to map 266338304 bytes. Error detail: G1 virtual space
# Possible reasons:
#   The system is out of physical RAM or swap space
#   This process is running with CompressedOops enabled, and the Java Heap may be blocking the growth of the native heap
# Possible solutions:
#   Reduce memory load on the system
#   Increase physical memory or swap space
#   Check if swap backing store is full
#   Decrease Java heap size (-Xmx/-Xms)
#   Decrease number of Java threads
#   Decrease Java thread stack sizes (-Xss)
#   Set larger code cache with -XX:ReservedCodeCacheSize=
#   JVM is running with Zero Based Compressed Oops mode in which the Java heap is
#     placed in the first 32GB address space. The Java Heap base address is the
#     maximum limit for the native heap growth. Please use -XX:HeapBaseMinAddress
#     to set the Java Heap base and to place the Java Heap above 32GB virtual address.
# This output file may be truncated or incomplete.
#
#  Out of Memory Error (os_windows.cpp:3710), pid=17892, tid=16380
#
# JRE version:  (17.0.14+7) (build )
# Java VM: OpenJDK 64-Bit Server VM (17.0.14+7-LTS, mixed mode, sharing, tiered, compressed oops, compressed class ptrs, g1 gc, windows-amd64)
# No core dump will be written. Minidumps are not enabled by default on client versions of Windows
#

---------------  S U M M A R Y ------------

Command Line: 

Host: 11th Gen Intel(R) Core(TM) i5-1135G7 @ 2.40GHz, 8 cores, 15G,  Windows 11 , 64 bit Build 26100 (10.0.26100.3624)
Time: Mon Mar 31 19:44:07 2025 India Standard Time elapsed time: 1.744076 seconds (0d 0h 0m 1s)

---------------  T H R E A D  ---------------

Current thread (0x000002035aa95760):  JavaThread "Unknown thread" [_thread_in_vm, id=16380, stack(0x0000005630200000,0x0000005630300000)]

Stack: [0x0000005630200000,0x0000005630300000]
Native frames: (J=compiled Java code, j=interpreted, Vv=VM code, C=native code)
V  [jvm.dll+0x6886b9]
V  [jvm.dll+0x83f6f8]
V  [jvm.dll+0x8411a3]
V  [jvm.dll+0x841813]
V  [jvm.dll+0x2495cf]
V  [jvm.dll+0x6855f9]
V  [jvm.dll+0x679a8a]
V  [jvm.dll+0x30afc7]
V  [jvm.dll+0x312536]
V  [jvm.dll+0x362eee]
V  [jvm.dll+0x36312d]
V  [jvm.dll+0x2e225c]
V  [jvm.dll+0x2e3174]
V  [jvm.dll+0x8115fb]
V  [jvm.dll+0x370c01]
V  [jvm.dll+0x7f00ef]
V  [jvm.dll+0x3f76ff]
V  [jvm.dll+0x3f9231]
C  [jli.dll+0x52a0]
C  [ucrtbase.dll+0x37b0]
C  [KERNEL32.DLL+0x2e8d7]
C  [ntdll.dll+0xb14fc]


---------------  P R O C E S S  ---------------

Threads class SMR info:
_java_thread_list=0x00007ff89322efd8, length=0, elements={
}

Java Threads: ( => current thread )

Other Threads:
  0x000002035ab02b80 GCTaskThread "GC Thread#0" [stack: 0x0000005630300000,0x0000005630400000] [id=14936]
  0x000002035ab15440 ConcurrentGCThread "G1 Main Marker" [stack: 0x0000005630400000,0x0000005630500000] [id=13844]
  0x000002035ab16d10 ConcurrentGCThread "G1 Conc#0" [stack: 0x0000005630500000,0x0000005630600000] [id=11284]

[error occurred during error reporting (printing all threads), id 0xc0000005, EXCEPTION_ACCESS_VIOLATION (0xc0000005) at pc=0x00007ff8929e2db7]

VM state: not at safepoint (not fully initialized)

VM Mutex/Monitor currently owned by a thread:  ([mutex/lock_event])
[0x000002035aa91400] Heap_lock - owner thread: 0x000002035aa95760

Heap address: 0x0000000703600000, size: 4042 MB, Compressed Oops mode: Zero based, Oop shift amount: 3

CDS archive(s) mapped at: [0x0000000000000000-0x0000000000000000-0x0000000000000000), size 0, SharedBaseAddress: 0x0000000800000000, ArchiveRelocationMode: 1.
Narrow klass base: 0x0000000000000000, Narrow klass shift: 0, Narrow klass range: 0x0

GC Precious Log:
<Empty>

Heap:
 garbage-first heap   total 0K, used 0K [0x0000000703600000, 0x0000000800000000)
  region size 2048K, 0 young (0K), 0 survivors (0K)

[error occurred during error reporting (printing heap information), id 0xc0000005, EXCEPTION_ACCESS_VIOLATION (0xc0000005) at pc=0x00007ff892dd22e9]

GC Heap History (0 events):
No events

Dll operation events (1 events):
Event: 0.012 Loaded shared library C:\Program Files\Microsoft\jdk-17.0.14.7-hotspot\bin\java.dll

Deoptimization events (0 events):
No events

Classes loaded (0 events):
No events

Classes unloaded (0 events):
No events

Classes redefined (0 events):
No events

Internal exceptions (0 events):
No events

VM Operations (0 events):
No events

Memory protections (0 events):
No events

Nmethod flushes (0 events):
No events

Events (0 events):
No events


Dynamic libraries:
0x00007ff618eb0000 - 0x00007ff618ebe000 	C:\Program Files\Microsoft\jdk-17.0.14.7-hotspot\bin\java.exe
0x00007ff8f08e0000 - 0x00007ff8f0b40000 	C:\WINDOWS\SYSTEM32\ntdll.dll
0x00007ff8ee6e0000 - 0x00007ff8ee7a7000 	C:\WINDOWS\System32\KERNEL32.DLL
0x00007ff8edb50000 - 0x00007ff8edf1b000 	C:\WINDOWS\System32\KERNELBASE.dll
0x00007ff8edf20000 - 0x00007ff8ee06b000 	C:\WINDOWS\System32\ucrtbase.dll
0x00007ff8da3f0000 - 0x00007ff8da407000 	C:\Program Files\Microsoft\jdk-17.0.14.7-hotspot\bin\jli.dll
0x00007ff8da4e0000 - 0x00007ff8da4fd000 	C:\Program Files\Microsoft\jdk-17.0.14.7-hotspot\bin\VCRUNTIME140.dll
0x00007ff8ef8a0000 - 0x00007ff8efa6c000 	C:\WINDOWS\System32\USER32.dll
0x00007ff8ee290000 - 0x00007ff8ee2b7000 	C:\WINDOWS\System32\win32u.dll
0x00007ff8d0080000 - 0x00007ff8d0317000 	C:\WINDOWS\WinSxS\amd64_microsoft.windows.common-controls_6595b64144ccf1df_6.0.26100.3624_none_3e086962e3345f24\COMCTL32.dll
0x00007ff8eef40000 - 0x00007ff8eef6a000 	C:\WINDOWS\System32\GDI32.dll
0x00007ff8eef90000 - 0x00007ff8ef039000 	C:\WINDOWS\System32\msvcrt.dll
0x00007ff8ee5a0000 - 0x00007ff8ee6d1000 	C:\WINDOWS\System32\gdi32full.dll
0x00007ff8ee070000 - 0x00007ff8ee113000 	C:\WINDOWS\System32\msvcp_win.dll
0x00007ff8ef5c0000 - 0x00007ff8ef5ef000 	C:\WINDOWS\System32\IMM32.DLL
0x00007ff8da3e0000 - 0x00007ff8da3ec000 	C:\Program Files\Microsoft\jdk-17.0.14.7-hotspot\bin\vcruntime140_1.dll
0x00007ff8beff0000 - 0x00007ff8bf07d000 	C:\Program Files\Microsoft\jdk-17.0.14.7-hotspot\bin\msvcp140.dll
0x00007ff8926f0000 - 0x00007ff893362000 	C:\Program Files\Microsoft\jdk-17.0.14.7-hotspot\bin\server\jvm.dll
0x00007ff8f0580000 - 0x00007ff8f0633000 	C:\WINDOWS\System32\ADVAPI32.dll
0x00007ff8f04d0000 - 0x00007ff8f0576000 	C:\WINDOWS\System32\sechost.dll
0x00007ff8eea30000 - 0x00007ff8eeb46000 	C:\WINDOWS\System32\RPCRT4.dll
0x00007ff8f0450000 - 0x00007ff8f04c4000 	C:\WINDOWS\System32\WS2_32.dll
0x00007ff8ec6f0000 - 0x00007ff8ec74e000 	C:\WINDOWS\SYSTEM32\POWRPROF.dll
0x00007ff8ddc90000 - 0x00007ff8ddc9b000 	C:\WINDOWS\SYSTEM32\VERSION.dll
0x00007ff8e3380000 - 0x00007ff8e33b6000 	C:\WINDOWS\SYSTEM32\WINMM.dll
0x00007ff8ec6d0000 - 0x00007ff8ec6e4000 	C:\WINDOWS\SYSTEM32\UMPDC.dll
0x00007ff8ec9b0000 - 0x00007ff8ec9ca000 	C:\WINDOWS\SYSTEM32\kernel.appcore.dll
0x00007ff8da3d0000 - 0x00007ff8da3da000 	C:\Program Files\Microsoft\jdk-17.0.14.7-hotspot\bin\jimage.dll
0x00007ff8eb260000 - 0x00007ff8eb4a1000 	C:\WINDOWS\SYSTEM32\DBGHELP.DLL
0x00007ff8eebb0000 - 0x00007ff8eef33000 	C:\WINDOWS\System32\combase.dll
0x00007ff8f0650000 - 0x00007ff8f0726000 	C:\WINDOWS\System32\OLEAUT32.dll
0x00007ff8c49d0000 - 0x00007ff8c4a09000 	C:\WINDOWS\SYSTEM32\dbgcore.DLL
0x00007ff8ee500000 - 0x00007ff8ee599000 	C:\WINDOWS\System32\bcryptPrimitives.dll
0x00007ff8ce4f0000 - 0x00007ff8ce515000 	C:\Program Files\Microsoft\jdk-17.0.14.7-hotspot\bin\java.dll

dbghelp: loaded successfully - version: 4.0.5 - missing functions: none
symbol engine: initialized successfully - sym options: 0x614 - pdb path: .;C:\Program Files\Microsoft\jdk-17.0.14.7-hotspot\bin;C:\WINDOWS\SYSTEM32;C:\WINDOWS\WinSxS\amd64_microsoft.windows.common-controls_6595b64144ccf1df_6.0.26100.3624_none_3e086962e3345f24;C:\Program Files\Microsoft\jdk-17.0.14.7-hotspot\bin\server

VM Arguments:
java_command: <unknown>
java_class_path (initial): <not set>
Launcher Type: SUN_STANDARD

[Global flags]
     intx CICompilerCount                          = 4                                         {product} {ergonomic}
     uint ConcGCThreads                            = 2                                         {product} {ergonomic}
     uint G1ConcRefinementThreads                  = 8                                         {product} {ergonomic}
   size_t G1HeapRegionSize                         = 2097152                                   {product} {ergonomic}
    uintx GCDrainStackTargetSize                   = 64                                        {product} {ergonomic}
   size_t InitialHeapSize                          = 266338304                                 {product} {ergonomic}
   size_t MarkStackSize                            = 4194304                                   {product} {ergonomic}
   size_t MaxHeapSize                              = 4238344192                                {product} {ergonomic}
   size_t MinHeapDeltaBytes                        = 2097152                                   {product} {ergonomic}
   size_t MinHeapSize                              = 8388608                                   {product} {ergonomic}
    uintx NonNMethodCodeHeapSize                   = 5839372                                {pd product} {ergonomic}
    uintx NonProfiledCodeHeapSize                  = 122909434                              {pd product} {ergonomic}
    uintx ProfiledCodeHeapSize                     = 122909434                              {pd product} {ergonomic}
    uintx ReservedCodeCacheSize                    = 251658240                              {pd product} {ergonomic}
     bool SegmentedCodeCache                       = true                                      {product} {ergonomic}
   size_t SoftMaxHeapSize                          = 4238344192                             {manageable} {ergonomic}
     bool UseCompressedClassPointers               = true                           {product lp64_product} {ergonomic}
     bool UseCompressedOops                        = true                           {product lp64_product} {ergonomic}
     bool UseG1GC                                  = true                                      {product} {ergonomic}
     bool UseLargePagesIndividualAllocation        = false                                  {pd product} {ergonomic}

Logging:
Log output configuration:
 #0: stdout all=warning uptime,level,tags
 #1: stderr all=off uptime,level,tags

Environment Variables:
JAVA_HOME=C:\Program Files\Microsoft\jdk-17.0.14.7-hotspot\
PATH=C:\Program Files\Microsoft\jdk-17.0.14.7-hotspot\bin;C:\Program Files\Common Files\Oracle\Java\javapath;C:\WINDOWS\system32;C:\WINDOWS;C:\WINDOWS\System32\Wbem;C:\WINDOWS\System32\WindowsPowerShell\v1.0\;C:\WINDOWS\System32\OpenSSH\;C:\flutter\bin\cache\dart-sdk\bin;C:\flutter\bin;C:\Program Files\Java\jdk-17\bin;C:\Program Files\Git\cmd;C:\ProgramData\chocolatey\bin;C:\Program Files\nodejs\;C:\Users\Utsav Kumar\AppData\Local\Microsoft\WindowsApps;C:\Users\Utsav Kumar\AppData\Local\GitHubDesktop\bin;C:\Users\Utsav Kumar\AppData\Local\Programs\Microsoft VS Code\bin;C:\Program Files\Java\jdk-17\bin;C:\flutter\bin;C:\flutter\bin\cache\dart-sdk\bin;C:\Users\Utsav Kumar\AppData\Roaming\npm;
USERNAME=Utsav Kumar
OS=Windows_NT
PROCESSOR_IDENTIFIER=Intel64 Family 6 Model 140 Stepping 1, GenuineIntel
TMP=C:\Users\UTSAVK~1\AppData\Local\Temp
TEMP=C:\Users\UTSAVK~1\AppData\Local\Temp



Periodic native trim disabled


---------------  S Y S T E M  ---------------

OS:
 Windows 11 , 64 bit Build 26100 (10.0.26100.3624)
OS uptime: 0 days 23:10 hours
Hyper-V role detected

CPU: total 8 (initial active 8) (4 cores per cpu, 2 threads per core) family 6 model 140 stepping 1 microcode 0xa4, cx8, cmov, fxsr, ht, mmx, 3dnowpref, sse, sse2, sse3, ssse3, sse4.1, sse4.2, popcnt, lzcnt, tsc, tscinvbit, avx, avx2, aes, erms, clmul, bmi1, bmi2, adx, avx512f, avx512dq, avx512cd, avx512bw, avx512vl, sha, fma, vzeroupper, avx512_vpopcntdq, avx512_vpclmulqdq, avx512_vaes, avx512_vnni, clflush, clflushopt, clwb, avx512_vbmi2, avx512_vbmi, hv
Processor Information for processor 0
  Max Mhz: 2419, Current Mhz: 2419, Mhz Limit: 2419
Processor Information for processor 1
  Max Mhz: 2419, Current Mhz: 2419, Mhz Limit: 2419
Processor Information for processor 2
  Max Mhz: 2419, Current Mhz: 2419, Mhz Limit: 2419
Processor Information for processor 3
  Max Mhz: 2419, Current Mhz: 2419, Mhz Limit: 2419
Processor Information for processor 4
  Max Mhz: 2419, Current Mhz: 2419, Mhz Limit: 2419
Processor Information for processor 5
  Max Mhz: 2419, Current Mhz: 1007, Mhz Limit: 2419
Processor Information for processor 6
  Max Mhz: 2419, Current Mhz: 1007, Mhz Limit: 2419
Processor Information for processor 7
  Max Mhz: 2419, Current Mhz: 1007, Mhz Limit: 2419

Memory: 4k page, system-wide physical 16163M (1238M free)
TotalPageFile size 46454M (AvailPageFile size 139M)
current process WorkingSet (physical memory assigned to process): 12M, peak: 12M
current process commit charge ("private bytes"): 60M, peak: 314M

vm_info: OpenJDK 64-Bit Server VM (17.0.14+7-LTS) for windows-amd64 JRE (17.0.14+7-LTS), built on Jan  8 2025 23:39:28 by "MicrosoftCorporation" with unknown MS VC++:1939

END.
